<?xml version="1.0" encoding="UTF-8"?>
<!-- Generated by org.testng.reporters.JUnitReportReporter -->
<testsuite hostname="GSOD-JPHELGAR" name="bluesource.testreddit" tests="1" failures="0" timestamp="5 Jun 2015 20:59:26 GMT" time="1.003" errors="0">
  <testcase name="orgReposTreeTest" time="1.003" classname="bluesource.testreddit"/>
</testsuite> <!-- bluesource.testreddit -->
