<?xml version="1.0" encoding="UTF-8"?>
<!-- Generated by org.testng.reporters.JUnitReportReporter -->
<testsuite hostname="GSOD-JPHELGAR" name="bluesource.reddit" tests="1" failures="0" timestamp="5 Jun 2015 16:56:35 GMT" time="1.471" errors="0">
  <testcase name="orgReposTreeTest" time="1.471" classname="bluesource.reddit"/>
</testsuite> <!-- bluesource.reddit -->
